<?xml version="1.0" encoding="UTF-8"?>
<!-- Generated by org.testng.reporters.JUnitReportReporter -->
<testsuite hostname="Sakilroly" failures="0" tests="1" name="com.qa.TN.TestCases.LoginTest" time="5.703" errors="0" timestamp="2024-01-11T23:25:34 CST" skipped="0">
  <testcase classname="com.qa.TN.TestCases.LoginTest" name="verifyLoginWithValidCredentials" time="5.703"/>
</testsuite> <!-- com.qa.TN.TestCases.LoginTest -->
