<?xml version="1.0" encoding="UTF-8"?>
<!-- Generated by org.testng.reporters.JUnitReportReporter -->
<testsuite hostname="Sakilroly" failures="0" tests="1" name="com.qa.TN.TestCases.RegisterTest" time="6.150" errors="0" timestamp="2024-01-11T23:26:19 CST" skipped="0">
  <testcase classname="com.qa.TN.TestCases.RegisterTest" name="verifyRegisterWithAllFields" time="6.150"/>
</testsuite> <!-- com.qa.TN.TestCases.RegisterTest -->
