<?xml version="1.0" encoding="UTF-8"?>
<!-- Generated by org.testng.reporters.JUnitReportReporter -->
<testsuite hostname="Sakilroly" failures="0" tests="1" name="com.qa.TN.TestCases.SearchProductTest" time="4.899" errors="0" timestamp="2024-01-11T23:27:27 CST" skipped="0">
  <testcase classname="com.qa.TN.TestCases.SearchProductTest" name="SearchWithValidProduct" time="4.899"/>
</testsuite> <!-- com.qa.TN.TestCases.SearchProductTest -->
