<?xml version="1.0" encoding="UTF-8"?>
<!-- Generated by org.testng.reporters.JUnitReportReporter -->
<testsuite hostname="Sakilroly" failures="0" tests="1" name="com.qa.TN.TestCases.AddToCartTest" time="11.948" errors="0" timestamp="2024-01-11T23:23:18 CST" skipped="0">
  <testcase classname="com.qa.TN.TestCases.AddToCartTest" name="addingProductsToCart" time="11.948"/>
</testsuite> <!-- com.qa.TN.TestCases.AddToCartTest -->
